# JRE version: OpenJDK Runtime Environment (21.0.3) (build 21.0.3+-12282718-b509.11)
# Java VM: OpenJDK 64-Bit Server VM (21.0.3+-12282718-b509.11, mixed mode, tiered, compressed oops, compressed class ptrs, g1 gc, windows-amd64)
GC Precious Log:
 CardTable entry size: 512
 Card Set container configuration: InlinePtr #cards 5 size 8 Array Of Cards #cards 12 size 40 Howl #buckets 4 coarsen threshold 1843 Howl Bitmap #cards 512 size 80 coarsen threshold 460 Card regions per heap region 1 cards per card region 2048
 CPUs: 12 total, 12 available
 Memory: 7916M
 Large Page Support: Disabled
 NUMA Support: Disabled
 Compressed Oops: Enabled (32-bit)
 Heap Region Size: 1M
 Heap Min Capacity: 8M
 Heap Initial Capacity: 124M
 Heap Max Capacity: 2G
 Pre-touch: Disabled
 Parallel Workers: 10
 Concurrent Workers: 3
 Concurrent Refinement Workers: 10
 Periodic GC: Disabled
Heap:
 garbage-first heap   total 370688K, used 236023K [0x0000000080000000, 0x0000000100000000)
  region size 1024K, 9 young (9216K), 8 survivors (8192K)
 Metaspace       used 125900K, committed 128640K, reserved 557056K
  class space    used 17629K, committed 18944K, reserved 425984K
GC Heap History (20 events):
Event: 10.375 GC heap before
{Heap before GC invocations=38 (full 0):
 garbage-first heap   total 246784K, used 204720K [0x0000000080000000, 0x0000000100000000)
  region size 1024K, 64 young (65536K), 8 survivors (8192K)
 Metaspace       used 109168K, committed 111488K, reserved 557056K
  class space    used 15088K, committed 16256K, reserved 425984K
}
Event: 10.381 GC heap after
{Heap after GC invocations=39 (full 0):
 garbage-first heap   total 246784K, used 151701K [0x0000000080000000, 0x0000000100000000)
  region size 1024K, 8 young (8192K), 8 survivors (8192K)
 Metaspace       used 109168K, committed 111488K, reserved 557056K
  class space    used 15088K, committed 16256K, reserved 425984K
}
Event: 10.972 GC heap before
{Heap before GC invocations=40 (full 0):
 garbage-first heap   total 265216K, used 224405K [0x0000000080000000, 0x0000000100000000)
  region size 1024K, 78 young (79872K), 8 survivors (8192K)
 Metaspace       used 113703K, committed 116096K, reserved 557056K
  class space    used 15892K, committed 17088K, reserved 425984K
}
Event: 10.978 GC heap after
{Heap after GC invocations=41 (full 0):
 garbage-first heap   total 265216K, used 153856K [0x0000000080000000, 0x0000000100000000)
  region size 1024K, 6 young (6144K), 6 survivors (6144K)
 Metaspace       used 113703K, committed 116096K, reserved 557056K
  class space    used 15892K, committed 17088K, reserved 425984K
}
Event: 11.408 GC heap before
{Heap before GC invocations=41 (full 0):
 garbage-first heap   total 265216K, used 239872K [0x0000000080000000, 0x0000000100000000)
  region size 1024K, 91 young (93184K), 6 survivors (6144K)
 Metaspace       used 116255K, committed 118784K, reserved 557056K
  class space    used 16272K, committed 17536K, reserved 425984K
}
Event: 11.417 GC heap after
{Heap after GC invocations=42 (full 0):
 garbage-first heap   total 265216K, used 162089K [0x0000000080000000, 0x0000000100000000)
  region size 1024K, 12 young (12288K), 12 survivors (12288K)
 Metaspace       used 116255K, committed 118784K, reserved 557056K
  class space    used 16272K, committed 17536K, reserved 425984K
}
Event: 11.856 GC heap before
{Heap before GC invocations=42 (full 0):
 garbage-first heap   total 265216K, used 236841K [0x0000000080000000, 0x0000000100000000)
  region size 1024K, 86 young (88064K), 12 survivors (12288K)
 Metaspace       used 117444K, committed 120000K, reserved 557056K
  class space    used 16462K, committed 17728K, reserved 425984K
}
Event: 11.868 GC heap after
{Heap after GC invocations=43 (full 0):
 garbage-first heap   total 318464K, used 168996K [0x0000000080000000, 0x0000000100000000)
  region size 1024K, 10 young (10240K), 10 survivors (10240K)
 Metaspace       used 117444K, committed 120000K, reserved 557056K
  class space    used 16462K, committed 17728K, reserved 425984K
}
Event: 12.062 GC heap before
{Heap before GC invocations=43 (full 0):
 garbage-first heap   total 318464K, used 274468K [0x0000000080000000, 0x0000000100000000)
  region size 1024K, 115 young (117760K), 10 survivors (10240K)
 Metaspace       used 117520K, committed 120064K, reserved 557056K
  class space    used 16467K, committed 17728K, reserved 425984K
}
Event: 12.071 GC heap after
{Heap after GC invocations=44 (full 0):
 garbage-first heap   total 318464K, used 173116K [0x0000000080000000, 0x0000000100000000)
  region size 1024K, 7 young (7168K), 7 survivors (7168K)
 Metaspace       used 117520K, committed 120064K, reserved 557056K
  class space    used 16467K, committed 17728K, reserved 425984K
}
Event: 12.595 GC heap before
{Heap before GC invocations=45 (full 0):
 garbage-first heap   total 318464K, used 293948K [0x0000000080000000, 0x0000000100000000)
  region size 1024K, 122 young (124928K), 7 survivors (7168K)
 Metaspace       used 118518K, committed 121024K, reserved 557056K
  class space    used 16606K, committed 17856K, reserved 425984K
}
Event: 12.606 GC heap after
{Heap after GC invocations=46 (full 0):
 garbage-first heap   total 318464K, used 188551K [0x0000000080000000, 0x0000000100000000)
  region size 1024K, 16 young (16384K), 16 survivors (16384K)
 Metaspace       used 118518K, committed 121024K, reserved 557056K
  class space    used 16606K, committed 17856K, reserved 425984K
}
Event: 13.398 GC heap before
{Heap before GC invocations=46 (full 0):
 garbage-first heap   total 318464K, used 285831K [0x0000000080000000, 0x0000000100000000)
  region size 1024K, 109 young (111616K), 16 survivors (16384K)
 Metaspace       used 121499K, committed 124096K, reserved 557056K
  class space    used 17019K, committed 18304K, reserved 425984K
}
Event: 13.410 GC heap after
{Heap after GC invocations=47 (full 0):
 garbage-first heap   total 319488K, used 200517K [0x0000000080000000, 0x0000000100000000)
  region size 1024K, 14 young (14336K), 14 survivors (14336K)
 Metaspace       used 121499K, committed 124096K, reserved 557056K
  class space    used 17019K, committed 18304K, reserved 425984K
}
Event: 13.922 GC heap before
{Heap before GC invocations=47 (full 0):
 garbage-first heap   total 319488K, used 286533K [0x0000000080000000, 0x0000000100000000)
  region size 1024K, 98 young (100352K), 14 survivors (14336K)
 Metaspace       used 125274K, committed 127936K, reserved 557056K
  class space    used 17565K, committed 18816K, reserved 425984K
}
Event: 13.933 GC heap after
{Heap after GC invocations=48 (full 0):
 garbage-first heap   total 319488K, used 208463K [0x0000000080000000, 0x0000000100000000)
  region size 1024K, 8 young (8192K), 8 survivors (8192K)
 Metaspace       used 125274K, committed 127936K, reserved 557056K
  class space    used 17565K, committed 18816K, reserved 425984K
}
Event: 14.202 GC heap before
{Heap before GC invocations=49 (full 0):
 garbage-first heap   total 370688K, used 290383K [0x0000000080000000, 0x0000000100000000)
  region size 1024K, 88 young (90112K), 8 survivors (8192K)
 Metaspace       used 125403K, committed 128064K, reserved 557056K
  class space    used 17577K, committed 18880K, reserved 425984K
}
Event: 14.213 GC heap after
{Heap after GC invocations=50 (full 0):
 garbage-first heap   total 370688K, used 221706K [0x0000000080000000, 0x0000000100000000)
  region size 1024K, 11 young (11264K), 11 survivors (11264K)
 Metaspace       used 125403K, committed 128064K, reserved 557056K
  class space    used 17577K, committed 18880K, reserved 425984K
}
Event: 14.667 GC heap before
{Heap before GC invocations=50 (full 0):
 garbage-first heap   total 370688K, used 331274K [0x0000000080000000, 0x0000000100000000)
  region size 1024K, 118 young (120832K), 11 survivors (11264K)
 Metaspace       used 125709K, committed 128384K, reserved 557056K
  class space    used 17606K, committed 18880K, reserved 425984K
}
Event: 14.679 GC heap after
{Heap after GC invocations=51 (full 0):
 garbage-first heap   total 370688K, used 229335K [0x0000000080000000, 0x0000000100000000)
  region size 1024K, 10 young (10240K), 10 survivors (10240K)
 Metaspace       used 125709K, committed 128384K, reserved 557056K
  class space    used 17606K, committed 18880K, reserved 425984K
}

