# JRE version: OpenJDK Runtime Environment (21.0.3) (build 21.0.3+-12282718-b509.11)
# Java VM: OpenJDK 64-Bit Server VM (21.0.3+-12282718-b509.11, mixed mode, tiered, compressed oops, compressed class ptrs, g1 gc, windows-amd64)
GC Precious Log:
 CardTable entry size: 512
 Card Set container configuration: InlinePtr #cards 5 size 8 Array Of Cards #cards 12 size 40 Howl #buckets 4 coarsen threshold 1843 Howl Bitmap #cards 512 size 80 coarsen threshold 460 Card regions per heap region 1 cards per card region 2048
 CPUs: 12 total, 12 available
 Memory: 7916M
 Large Page Support: Disabled
 NUMA Support: Disabled
 Compressed Oops: Enabled (32-bit)
 Heap Region Size: 1M
 Heap Min Capacity: 8M
 Heap Initial Capacity: 124M
 Heap Max Capacity: 2G
 Pre-touch: Disabled
 Parallel Workers: 10
 Concurrent Workers: 3
 Concurrent Refinement Workers: 10
 Periodic GC: Disabled
Heap:
 garbage-first heap   total 291840K, used 197950K [0x0000000080000000, 0x0000000100000000)
  region size 1024K, 7 young (7168K), 7 survivors (7168K)
 Metaspace       used 124424K, committed 126976K, reserved 557056K
  class space    used 17220K, committed 18432K, reserved 425984K
GC Heap History (20 events):
Event: 17.354 GC heap after
{Heap after GC invocations=38 (full 0):
 garbage-first heap   total 253952K, used 119028K [0x0000000080000000, 0x0000000100000000)
  region size 1024K, 3 young (3072K), 3 survivors (3072K)
 Metaspace       used 112350K, committed 114496K, reserved 557056K
  class space    used 15467K, committed 16512K, reserved 425984K
}
Event: 18.740 GC heap before
{Heap before GC invocations=38 (full 0):
 garbage-first heap   total 253952K, used 233716K [0x0000000080000000, 0x0000000100000000)
  region size 1024K, 115 young (117760K), 3 survivors (3072K)
 Metaspace       used 118579K, committed 120896K, reserved 557056K
  class space    used 16468K, committed 17664K, reserved 425984K
}
Event: 18.748 GC heap after
{Heap after GC invocations=39 (full 0):
 garbage-first heap   total 253952K, used 125910K [0x0000000080000000, 0x0000000100000000)
  region size 1024K, 9 young (9216K), 9 survivors (9216K)
 Metaspace       used 118579K, committed 120896K, reserved 557056K
  class space    used 16468K, committed 17664K, reserved 425984K
}
Event: 19.796 GC heap before
{Heap before GC invocations=40 (full 0):
 garbage-first heap   total 253952K, used 230358K [0x0000000080000000, 0x0000000100000000)
  region size 1024K, 112 young (114688K), 9 survivors (9216K)
 Metaspace       used 120481K, committed 122880K, reserved 557056K
  class space    used 16768K, committed 17984K, reserved 425984K
}
Event: 19.822 GC heap after
{Heap after GC invocations=41 (full 0):
 garbage-first heap   total 253952K, used 136054K [0x0000000080000000, 0x0000000100000000)
  region size 1024K, 14 young (14336K), 14 survivors (14336K)
 Metaspace       used 120481K, committed 122880K, reserved 557056K
  class space    used 16768K, committed 17984K, reserved 425984K
}
Event: 20.581 GC heap before
{Heap before GC invocations=41 (full 0):
 garbage-first heap   total 253952K, used 230262K [0x0000000080000000, 0x0000000100000000)
  region size 1024K, 102 young (104448K), 14 survivors (14336K)
 Metaspace       used 121828K, committed 124224K, reserved 557056K
  class space    used 16896K, committed 18048K, reserved 425984K
}
Event: 20.602 GC heap after
{Heap after GC invocations=42 (full 0):
 garbage-first heap   total 258048K, used 150231K [0x0000000080000000, 0x0000000100000000)
  region size 1024K, 12 young (12288K), 12 survivors (12288K)
 Metaspace       used 121828K, committed 124224K, reserved 557056K
  class space    used 16896K, committed 18048K, reserved 425984K
}
Event: 21.657 GC heap before
{Heap before GC invocations=42 (full 0):
 garbage-first heap   total 258048K, used 230103K [0x0000000080000000, 0x0000000100000000)
  region size 1024K, 91 young (93184K), 12 survivors (12288K)
 Metaspace       used 122502K, committed 124928K, reserved 557056K
  class space    used 16987K, committed 18176K, reserved 425984K
}
Event: 21.697 GC heap after
{Heap after GC invocations=43 (full 0):
 garbage-first heap   total 258048K, used 157484K [0x0000000080000000, 0x0000000100000000)
  region size 1024K, 11 young (11264K), 11 survivors (11264K)
 Metaspace       used 122502K, committed 124928K, reserved 557056K
  class space    used 16987K, committed 18176K, reserved 425984K
}
Event: 22.914 GC heap before
{Heap before GC invocations=44 (full 0):
 garbage-first heap   total 276480K, used 230188K [0x0000000080000000, 0x0000000100000000)
  region size 1024K, 83 young (84992K), 11 survivors (11264K)
 Metaspace       used 123491K, committed 126016K, reserved 557056K
  class space    used 17107K, committed 18304K, reserved 425984K
}
Event: 22.933 GC heap after
{Heap after GC invocations=45 (full 0):
 garbage-first heap   total 276480K, used 166164K [0x0000000080000000, 0x0000000100000000)
  region size 1024K, 11 young (11264K), 11 survivors (11264K)
 Metaspace       used 123491K, committed 126016K, reserved 557056K
  class space    used 17107K, committed 18304K, reserved 425984K
}
Event: 23.112 GC heap before
{Heap before GC invocations=45 (full 0):
 garbage-first heap   total 276480K, used 245012K [0x0000000080000000, 0x0000000100000000)
  region size 1024K, 89 young (91136K), 11 survivors (11264K)
 Metaspace       used 123492K, committed 126016K, reserved 557056K
  class space    used 17107K, committed 18304K, reserved 425984K
}
Event: 23.124 GC heap after
{Heap after GC invocations=46 (full 0):
 garbage-first heap   total 276480K, used 166237K [0x0000000080000000, 0x0000000100000000)
  region size 1024K, 5 young (5120K), 5 survivors (5120K)
 Metaspace       used 123492K, committed 126016K, reserved 557056K
  class space    used 17107K, committed 18304K, reserved 425984K
}
Event: 23.375 GC heap before
{Heap before GC invocations=46 (full 0):
 garbage-first heap   total 276480K, used 230749K [0x0000000080000000, 0x0000000100000000)
  region size 1024K, 70 young (71680K), 5 survivors (5120K)
 Metaspace       used 123543K, committed 126016K, reserved 557056K
  class space    used 17111K, committed 18304K, reserved 425984K
}
Event: 23.388 GC heap after
{Heap after GC invocations=47 (full 0):
 garbage-first heap   total 276480K, used 168041K [0x0000000080000000, 0x0000000100000000)
  region size 1024K, 7 young (7168K), 7 survivors (7168K)
 Metaspace       used 123543K, committed 126016K, reserved 557056K
  class space    used 17111K, committed 18304K, reserved 425984K
}
Event: 24.825 GC heap before
{Heap before GC invocations=48 (full 0):
 garbage-first heap   total 291840K, used 255081K [0x0000000080000000, 0x0000000100000000)
  region size 1024K, 89 young (91136K), 7 survivors (7168K)
 Metaspace       used 124258K, committed 126784K, reserved 557056K
  class space    used 17204K, committed 18432K, reserved 425984K
}
Event: 24.845 GC heap after
{Heap after GC invocations=49 (full 0):
 garbage-first heap   total 291840K, used 185387K [0x0000000080000000, 0x0000000100000000)
  region size 1024K, 12 young (12288K), 12 survivors (12288K)
 Metaspace       used 124258K, committed 126784K, reserved 557056K
  class space    used 17204K, committed 18432K, reserved 425984K
}
Event: 25.093 GC heap before
{Heap before GC invocations=49 (full 0):
 garbage-first heap   total 291840K, used 262187K [0x0000000080000000, 0x0000000100000000)
  region size 1024K, 87 young (89088K), 12 survivors (12288K)
 Metaspace       used 124352K, committed 126912K, reserved 557056K
  class space    used 17214K, committed 18432K, reserved 425984K
}
Event: 25.115 GC heap after
{Heap after GC invocations=50 (full 0):
 garbage-first heap   total 291840K, used 194282K [0x0000000080000000, 0x0000000100000000)
  region size 1024K, 9 young (9216K), 9 survivors (9216K)
 Metaspace       used 124352K, committed 126912K, reserved 557056K
  class space    used 17214K, committed 18432K, reserved 425984K
}
Event: 25.405 GC heap before
{Heap before GC invocations=50 (full 0):
 garbage-first heap   total 291840K, used 264938K [0x0000000080000000, 0x0000000100000000)
  region size 1024K, 79 young (80896K), 9 survivors (9216K)
 Metaspace       used 124424K, committed 126976K, reserved 557056K
  class space    used 17220K, committed 18432K, reserved 425984K
}

