# JRE version: OpenJDK Runtime Environment (21.0.3) (build 21.0.3+-12282718-b509.11)
# Java VM: OpenJDK 64-Bit Server VM (21.0.3+-12282718-b509.11, mixed mode, tiered, compressed oops, compressed class ptrs, g1 gc, windows-amd64)
GC Precious Log:
 CardTable entry size: 512
 Card Set container configuration: InlinePtr #cards 5 size 8 Array Of Cards #cards 12 size 40 Howl #buckets 4 coarsen threshold 1843 Howl Bitmap #cards 512 size 80 coarsen threshold 460 Card regions per heap region 1 cards per card region 2048
 CPUs: 12 total, 12 available
 Memory: 7916M
 Large Page Support: Disabled
 NUMA Support: Disabled
 Compressed Oops: Enabled (32-bit)
 Heap Region Size: 1M
 Heap Min Capacity: 8M
 Heap Initial Capacity: 124M
 Heap Max Capacity: 2G
 Pre-touch: Disabled
 Parallel Workers: 10
 Concurrent Workers: 3
 Concurrent Refinement Workers: 10
 Periodic GC: Disabled
Heap:
 garbage-first heap   total 314368K, used 226020K [0x0000000080000000, 0x0000000100000000)
  region size 1024K, 47 young (48128K), 11 survivors (11264K)
 Metaspace       used 125624K, committed 128256K, reserved 557056K
  class space    used 17480K, committed 18752K, reserved 425984K
GC Heap History (20 events):
Event: 53.081 GC heap before
{Heap before GC invocations=41 (full 0):
 garbage-first heap   total 224256K, used 204630K [0x0000000080000000, 0x0000000100000000)
  region size 1024K, 67 young (68608K), 8 survivors (8192K)
 Metaspace       used 106128K, committed 108352K, reserved 557056K
  class space    used 14574K, committed 15680K, reserved 425984K
}
Event: 53.093 GC heap after
{Heap after GC invocations=42 (full 0):
 garbage-first heap   total 224256K, used 144367K [0x0000000080000000, 0x0000000100000000)
  region size 1024K, 6 young (6144K), 6 survivors (6144K)
 Metaspace       used 106128K, committed 108352K, reserved 557056K
  class space    used 14574K, committed 15680K, reserved 425984K
}
Event: 54.397 GC heap before
{Heap before GC invocations=42 (full 0):
 garbage-first heap   total 224256K, used 202735K [0x0000000080000000, 0x0000000100000000)
  region size 1024K, 63 young (64512K), 6 survivors (6144K)
 Metaspace       used 110337K, committed 112640K, reserved 557056K
  class space    used 15136K, committed 16256K, reserved 425984K
}
Event: 54.404 GC heap after
{Heap after GC invocations=43 (full 0):
 garbage-first heap   total 224256K, used 147378K [0x0000000080000000, 0x0000000100000000)
  region size 1024K, 3 young (3072K), 3 survivors (3072K)
 Metaspace       used 110337K, committed 112640K, reserved 557056K
  class space    used 15136K, committed 16256K, reserved 425984K
}
Event: 55.374 GC heap before
{Heap before GC invocations=44 (full 0):
 garbage-first heap   total 247808K, used 206770K [0x0000000080000000, 0x0000000100000000)
  region size 1024K, 61 young (62464K), 3 survivors (3072K)
 Metaspace       used 112219K, committed 114496K, reserved 557056K
  class space    used 15422K, committed 16576K, reserved 425984K
}
Event: 55.381 GC heap after
{Heap after GC invocations=45 (full 0):
 garbage-first heap   total 247808K, used 150705K [0x0000000080000000, 0x0000000100000000)
  region size 1024K, 7 young (7168K), 7 survivors (7168K)
 Metaspace       used 112219K, committed 114496K, reserved 557056K
  class space    used 15422K, committed 16576K, reserved 425984K
}
Event: 56.604 GC heap before
{Heap before GC invocations=45 (full 0):
 garbage-first heap   total 247808K, used 227505K [0x0000000080000000, 0x0000000100000000)
  region size 1024K, 81 young (82944K), 7 survivors (7168K)
 Metaspace       used 115937K, committed 118272K, reserved 557056K
  class space    used 15982K, committed 17152K, reserved 425984K
}
Event: 56.612 GC heap after
{Heap after GC invocations=46 (full 0):
 garbage-first heap   total 247808K, used 153912K [0x0000000080000000, 0x0000000100000000)
  region size 1024K, 8 young (8192K), 8 survivors (8192K)
 Metaspace       used 115937K, committed 118272K, reserved 557056K
  class space    used 15982K, committed 17152K, reserved 425984K
}
Event: 57.322 GC heap before
{Heap before GC invocations=46 (full 0):
 garbage-first heap   total 247808K, used 225592K [0x0000000080000000, 0x0000000100000000)
  region size 1024K, 78 young (79872K), 8 survivors (8192K)
 Metaspace       used 120539K, committed 122880K, reserved 557056K
  class space    used 16770K, committed 17920K, reserved 425984K
}
Event: 57.331 GC heap after
{Heap after GC invocations=47 (full 0):
 garbage-first heap   total 247808K, used 156403K [0x0000000080000000, 0x0000000100000000)
  region size 1024K, 7 young (7168K), 7 survivors (7168K)
 Metaspace       used 120539K, committed 122880K, reserved 557056K
  class space    used 16770K, committed 17920K, reserved 425984K
}
Event: 58.017 GC heap before
{Heap before GC invocations=47 (full 0):
 garbage-first heap   total 247808K, used 226035K [0x0000000080000000, 0x0000000100000000)
  region size 1024K, 75 young (76800K), 7 survivors (7168K)
 Metaspace       used 121836K, committed 124352K, reserved 557056K
  class space    used 16965K, committed 18176K, reserved 425984K
}
Event: 58.030 GC heap after
{Heap after GC invocations=48 (full 0):
 garbage-first heap   total 247808K, used 164846K [0x0000000080000000, 0x0000000100000000)
  region size 1024K, 10 young (10240K), 10 survivors (10240K)
 Metaspace       used 121836K, committed 124352K, reserved 557056K
  class space    used 16965K, committed 18176K, reserved 425984K
}
Event: 60.092 GC heap before
{Heap before GC invocations=49 (full 0):
 garbage-first heap   total 278528K, used 221166K [0x0000000080000000, 0x0000000100000000)
  region size 1024K, 66 young (67584K), 10 survivors (10240K)
 Metaspace       used 122942K, committed 125440K, reserved 557056K
  class space    used 17147K, committed 18368K, reserved 425984K
}
Event: 60.106 GC heap after
{Heap after GC invocations=50 (full 0):
 garbage-first heap   total 278528K, used 171902K [0x0000000080000000, 0x0000000100000000)
  region size 1024K, 8 young (8192K), 8 survivors (8192K)
 Metaspace       used 122942K, committed 125440K, reserved 557056K
  class space    used 17147K, committed 18368K, reserved 425984K
}
Event: 60.735 GC heap before
{Heap before GC invocations=50 (full 0):
 garbage-first heap   total 278528K, used 250750K [0x0000000080000000, 0x0000000100000000)
  region size 1024K, 86 young (88064K), 8 survivors (8192K)
 Metaspace       used 122951K, committed 125440K, reserved 557056K
  class space    used 17148K, committed 18368K, reserved 425984K
}
Event: 60.746 GC heap after
{Heap after GC invocations=51 (full 0):
 garbage-first heap   total 278528K, used 172480K [0x0000000080000000, 0x0000000100000000)
  region size 1024K, 6 young (6144K), 6 survivors (6144K)
 Metaspace       used 122951K, committed 125440K, reserved 557056K
  class space    used 17148K, committed 18368K, reserved 425984K
}
Event: 61.429 GC heap before
{Heap before GC invocations=51 (full 0):
 garbage-first heap   total 278528K, used 213440K [0x0000000080000000, 0x0000000100000000)
  region size 1024K, 48 young (49152K), 6 survivors (6144K)
 Metaspace       used 123029K, committed 125504K, reserved 557056K
  class space    used 17152K, committed 18368K, reserved 425984K
}
Event: 61.494 GC heap after
{Heap after GC invocations=52 (full 0):
 garbage-first heap   total 278528K, used 174226K [0x0000000080000000, 0x0000000100000000)
  region size 1024K, 7 young (7168K), 7 survivors (7168K)
 Metaspace       used 123029K, committed 125504K, reserved 557056K
  class space    used 17152K, committed 18368K, reserved 425984K
}
Event: 130.182 GC heap before
{Heap before GC invocations=53 (full 0):
 garbage-first heap   total 314368K, used 257170K [0x0000000080000000, 0x0000000100000000)
  region size 1024K, 85 young (87040K), 7 survivors (7168K)
 Metaspace       used 125256K, committed 127808K, reserved 557056K
  class space    used 17469K, committed 18688K, reserved 425984K
}
Event: 130.223 GC heap after
{Heap after GC invocations=54 (full 0):
 garbage-first heap   total 314368K, used 190180K [0x0000000080000000, 0x0000000100000000)
  region size 1024K, 11 young (11264K), 11 survivors (11264K)
 Metaspace       used 125256K, committed 127808K, reserved 557056K
  class space    used 17469K, committed 18688K, reserved 425984K
}

