# JRE version: OpenJDK Runtime Environment (21.0.3) (build 21.0.3+-12282718-b509.11)
# Java VM: OpenJDK 64-Bit Server VM (21.0.3+-12282718-b509.11, mixed mode, tiered, compressed oops, compressed class ptrs, g1 gc, windows-amd64)
GC Precious Log:
 CardTable entry size: 512
 Card Set container configuration: InlinePtr #cards 5 size 8 Array Of Cards #cards 12 size 40 Howl #buckets 4 coarsen threshold 1843 Howl Bitmap #cards 512 size 80 coarsen threshold 460 Card regions per heap region 1 cards per card region 2048
 CPUs: 12 total, 12 available
 Memory: 7916M
 Large Page Support: Disabled
 NUMA Support: Disabled
 Compressed Oops: Enabled (32-bit)
 Heap Region Size: 1M
 Heap Min Capacity: 8M
 Heap Initial Capacity: 124M
 Heap Max Capacity: 2G
 Pre-touch: Disabled
 Parallel Workers: 10
 Concurrent Workers: 3
 Concurrent Refinement Workers: 10
 Periodic GC: Disabled
Heap:
 garbage-first heap   total 208896K, used 172353K [0x0000000080000000, 0x0000000100000000)
  region size 1024K, 18 young (18432K), 4 survivors (4096K)
 Metaspace       used 106814K, committed 109056K, reserved 557056K
  class space    used 14723K, committed 15808K, reserved 425984K
GC Heap History (20 events):
Event: 6.530 GC heap before
{Heap before GC invocations=21 (full 0):
 garbage-first heap   total 162816K, used 141270K [0x0000000080000000, 0x0000000100000000)
  region size 1024K, 49 young (50176K), 4 survivors (4096K)
 Metaspace       used 80716K, committed 82752K, reserved 557056K
  class space    used 11229K, committed 12224K, reserved 425984K
}
Event: 6.535 GC heap after
{Heap after GC invocations=22 (full 0):
 garbage-first heap   total 162816K, used 98531K [0x0000000080000000, 0x0000000100000000)
  region size 1024K, 7 young (7168K), 7 survivors (7168K)
 Metaspace       used 80716K, committed 82752K, reserved 557056K
  class space    used 11229K, committed 12224K, reserved 425984K
}
Event: 7.092 GC heap before
{Heap before GC invocations=22 (full 0):
 garbage-first heap   total 162816K, used 144611K [0x0000000080000000, 0x0000000100000000)
  region size 1024K, 53 young (54272K), 7 survivors (7168K)
 Metaspace       used 83177K, committed 85184K, reserved 557056K
  class space    used 11548K, committed 12544K, reserved 425984K
}
Event: 7.099 GC heap after
{Heap after GC invocations=23 (full 0):
 garbage-first heap   total 195584K, used 100575K [0x0000000080000000, 0x0000000100000000)
  region size 1024K, 6 young (6144K), 6 survivors (6144K)
 Metaspace       used 83177K, committed 85184K, reserved 557056K
  class space    used 11548K, committed 12544K, reserved 425984K
}
Event: 7.959 GC heap before
{Heap before GC invocations=23 (full 0):
 garbage-first heap   total 195584K, used 165087K [0x0000000080000000, 0x0000000100000000)
  region size 1024K, 69 young (70656K), 6 survivors (6144K)
 Metaspace       used 87759K, committed 89856K, reserved 557056K
  class space    used 12192K, committed 13248K, reserved 425984K
}
Event: 7.966 GC heap after
{Heap after GC invocations=24 (full 0):
 garbage-first heap   total 195584K, used 105424K [0x0000000080000000, 0x0000000100000000)
  region size 1024K, 7 young (7168K), 7 survivors (7168K)
 Metaspace       used 87759K, committed 89856K, reserved 557056K
  class space    used 12192K, committed 13248K, reserved 425984K
}
Event: 13.558 GC heap before
{Heap before GC invocations=25 (full 0):
 garbage-first heap   total 195584K, used 173008K [0x0000000080000000, 0x0000000100000000)
  region size 1024K, 74 young (75776K), 7 survivors (7168K)
 Metaspace       used 94614K, committed 96832K, reserved 557056K
  class space    used 13279K, committed 14400K, reserved 425984K
}
Event: 13.567 GC heap after
{Heap after GC invocations=26 (full 0):
 garbage-first heap   total 195584K, used 110908K [0x0000000080000000, 0x0000000100000000)
  region size 1024K, 10 young (10240K), 10 survivors (10240K)
 Metaspace       used 94614K, committed 96832K, reserved 557056K
  class space    used 13279K, committed 14400K, reserved 425984K
}
Event: 284.646 GC heap before
{Heap before GC invocations=26 (full 0):
 garbage-first heap   total 195584K, used 172348K [0x0000000080000000, 0x0000000100000000)
  region size 1024K, 71 young (72704K), 10 survivors (10240K)
 Metaspace       used 100533K, committed 102720K, reserved 557056K
  class space    used 14016K, committed 15104K, reserved 425984K
}
Event: 284.657 GC heap after
{Heap after GC invocations=27 (full 0):
 garbage-first heap   total 195584K, used 116825K [0x0000000080000000, 0x0000000100000000)
  region size 1024K, 7 young (7168K), 7 survivors (7168K)
 Metaspace       used 100533K, committed 102720K, reserved 557056K
  class space    used 14016K, committed 15104K, reserved 425984K
}
Event: 397.701 GC heap before
{Heap before GC invocations=27 (full 0):
 garbage-first heap   total 195584K, used 175193K [0x0000000080000000, 0x0000000100000000)
  region size 1024K, 65 young (66560K), 7 survivors (7168K)
 Metaspace       used 105255K, committed 107520K, reserved 557056K
  class space    used 14543K, committed 15616K, reserved 425984K
}
Event: 397.723 GC heap after
{Heap after GC invocations=28 (full 0):
 garbage-first heap   total 195584K, used 123436K [0x0000000080000000, 0x0000000100000000)
  region size 1024K, 7 young (7168K), 7 survivors (7168K)
 Metaspace       used 105255K, committed 107520K, reserved 557056K
  class space    used 14543K, committed 15616K, reserved 425984K
}
Event: 398.747 GC heap before
{Heap before GC invocations=29 (full 0):
 garbage-first heap   total 208896K, used 182828K [0x0000000080000000, 0x0000000100000000)
  region size 1024K, 59 young (60416K), 7 survivors (7168K)
 Metaspace       used 106285K, committed 108544K, reserved 557056K
  class space    used 14658K, committed 15744K, reserved 425984K
}
Event: 398.759 GC heap after
{Heap after GC invocations=30 (full 0):
 garbage-first heap   total 208896K, used 145998K [0x0000000080000000, 0x0000000100000000)
  region size 1024K, 8 young (8192K), 8 survivors (8192K)
 Metaspace       used 106285K, committed 108544K, reserved 557056K
  class space    used 14658K, committed 15744K, reserved 425984K
}
Event: 398.803 GC heap before
{Heap before GC invocations=30 (full 0):
 garbage-first heap   total 208896K, used 186958K [0x0000000080000000, 0x0000000100000000)
  region size 1024K, 49 young (50176K), 8 survivors (8192K)
 Metaspace       used 106546K, committed 108736K, reserved 557056K
  class space    used 14682K, committed 15744K, reserved 425984K
}
Event: 398.814 GC heap after
{Heap after GC invocations=31 (full 0):
 garbage-first heap   total 208896K, used 155871K [0x0000000080000000, 0x0000000100000000)
  region size 1024K, 7 young (7168K), 7 survivors (7168K)
 Metaspace       used 106546K, committed 108736K, reserved 557056K
  class space    used 14682K, committed 15744K, reserved 425984K
}
Event: 398.852 GC heap before
{Heap before GC invocations=31 (full 0):
 garbage-first heap   total 208896K, used 188639K [0x0000000080000000, 0x0000000100000000)
  region size 1024K, 40 young (40960K), 7 survivors (7168K)
 Metaspace       used 106722K, committed 108928K, reserved 557056K
  class space    used 14714K, committed 15808K, reserved 425984K
}
Event: 398.857 GC heap after
{Heap after GC invocations=32 (full 0):
 garbage-first heap   total 208896K, used 159802K [0x0000000080000000, 0x0000000100000000)
  region size 1024K, 3 young (3072K), 3 survivors (3072K)
 Metaspace       used 106722K, committed 108928K, reserved 557056K
  class space    used 14714K, committed 15808K, reserved 425984K
}
Event: 398.899 GC heap before
{Heap before GC invocations=32 (full 0):
 garbage-first heap   total 208896K, used 191546K [0x0000000080000000, 0x0000000100000000)
  region size 1024K, 35 young (35840K), 3 survivors (3072K)
 Metaspace       used 106789K, committed 109056K, reserved 557056K
  class space    used 14721K, committed 15808K, reserved 425984K
}
Event: 398.902 GC heap after
{Heap after GC invocations=33 (full 0):
 garbage-first heap   total 208896K, used 160065K [0x0000000080000000, 0x0000000100000000)
  region size 1024K, 4 young (4096K), 4 survivors (4096K)
 Metaspace       used 106789K, committed 109056K, reserved 557056K
  class space    used 14721K, committed 15808K, reserved 425984K
}

