# JRE version: OpenJDK Runtime Environment (21.0.3) (build 21.0.3+-12282718-b509.11)
# Java VM: OpenJDK 64-Bit Server VM (21.0.3+-12282718-b509.11, mixed mode, tiered, compressed oops, compressed class ptrs, g1 gc, windows-amd64)
GC Precious Log:
 CardTable entry size: 512
 Card Set container configuration: InlinePtr #cards 5 size 8 Array Of Cards #cards 12 size 40 Howl #buckets 4 coarsen threshold 1843 Howl Bitmap #cards 512 size 80 coarsen threshold 460 Card regions per heap region 1 cards per card region 2048
 CPUs: 12 total, 12 available
 Memory: 7916M
 Large Page Support: Disabled
 NUMA Support: Disabled
 Compressed Oops: Enabled (32-bit)
 Heap Region Size: 1M
 Heap Min Capacity: 8M
 Heap Initial Capacity: 124M
 Heap Max Capacity: 2G
 Pre-touch: Disabled
 Parallel Workers: 10
 Concurrent Workers: 3
 Concurrent Refinement Workers: 10
 Periodic GC: Disabled
Heap:
 garbage-first heap   total 334848K, used 278173K [0x0000000080000000, 0x0000000100000000)
  region size 1024K, 68 young (69632K), 11 survivors (11264K)
 Metaspace       used 125488K, committed 128192K, reserved 557056K
  class space    used 17576K, committed 18880K, reserved 425984K
GC Heap History (20 events):
Event: 14.119 GC heap before
{Heap before GC invocations=39 (full 0):
 garbage-first heap   total 263168K, used 239886K [0x0000000080000000, 0x0000000100000000)
  region size 1024K, 93 young (95232K), 7 survivors (7168K)
 Metaspace       used 116941K, committed 119488K, reserved 557056K
  class space    used 16397K, committed 17664K, reserved 425984K
}
Event: 14.128 GC heap after
{Heap after GC invocations=40 (full 0):
 garbage-first heap   total 263168K, used 162816K [0x0000000080000000, 0x0000000100000000)
  region size 1024K, 12 young (12288K), 12 survivors (12288K)
 Metaspace       used 116941K, committed 119488K, reserved 557056K
  class space    used 16397K, committed 17664K, reserved 425984K
}
Event: 14.478 GC heap before
{Heap before GC invocations=41 (full 0):
 garbage-first heap   total 278528K, used 234496K [0x0000000080000000, 0x0000000100000000)
  region size 1024K, 83 young (84992K), 12 survivors (12288K)
 Metaspace       used 117457K, committed 120000K, reserved 557056K
  class space    used 16458K, committed 17728K, reserved 425984K
}
Event: 14.489 GC heap after
{Heap after GC invocations=42 (full 0):
 garbage-first heap   total 278528K, used 169218K [0x0000000080000000, 0x0000000100000000)
  region size 1024K, 8 young (8192K), 8 survivors (8192K)
 Metaspace       used 117457K, committed 120000K, reserved 557056K
  class space    used 16458K, committed 17728K, reserved 425984K
}
Event: 14.631 GC heap before
{Heap before GC invocations=42 (full 0):
 garbage-first heap   total 278528K, used 253186K [0x0000000080000000, 0x0000000100000000)
  region size 1024K, 91 young (93184K), 8 survivors (8192K)
 Metaspace       used 117461K, committed 120000K, reserved 557056K
  class space    used 16458K, committed 17728K, reserved 425984K
}
Event: 14.640 GC heap after
{Heap after GC invocations=43 (full 0):
 garbage-first heap   total 278528K, used 169664K [0x0000000080000000, 0x0000000100000000)
  region size 1024K, 6 young (6144K), 6 survivors (6144K)
 Metaspace       used 117461K, committed 120000K, reserved 557056K
  class space    used 16458K, committed 17728K, reserved 425984K
}
Event: 14.708 GC heap before
{Heap before GC invocations=43 (full 0):
 garbage-first heap   total 278528K, used 175808K [0x0000000080000000, 0x0000000100000000)
  region size 1024K, 13 young (13312K), 6 survivors (6144K)
 Metaspace       used 117540K, committed 120128K, reserved 557056K
  class space    used 16464K, committed 17728K, reserved 425984K
}
Event: 14.714 GC heap after
{Heap after GC invocations=44 (full 0):
 garbage-first heap   total 334848K, used 170327K [0x0000000080000000, 0x0000000100000000)
  region size 1024K, 6 young (6144K), 6 survivors (6144K)
 Metaspace       used 117540K, committed 120128K, reserved 557056K
  class space    used 16464K, committed 17728K, reserved 425984K
}
Event: 14.776 GC heap before
{Heap before GC invocations=44 (full 0):
 garbage-first heap   total 334848K, used 172375K [0x0000000080000000, 0x0000000100000000)
  region size 1024K, 8 young (8192K), 6 survivors (6144K)
 Metaspace       used 117540K, committed 120128K, reserved 557056K
  class space    used 16464K, committed 17728K, reserved 425984K
}
Event: 14.813 GC heap after
{Heap after GC invocations=45 (full 0):
 garbage-first heap   total 334848K, used 172413K [0x0000000080000000, 0x0000000100000000)
  region size 1024K, 7 young (7168K), 7 survivors (7168K)
 Metaspace       used 117540K, committed 120128K, reserved 557056K
  class space    used 16464K, committed 17728K, reserved 425984K
}
Event: 15.790 GC heap before
{Heap before GC invocations=46 (full 0):
 garbage-first heap   total 334848K, used 250237K [0x0000000080000000, 0x0000000100000000)
  region size 1024K, 81 young (82944K), 7 survivors (7168K)
 Metaspace       used 118585K, committed 121152K, reserved 557056K
  class space    used 16600K, committed 17856K, reserved 425984K
}
Event: 15.804 GC heap after
{Heap after GC invocations=47 (full 0):
 garbage-first heap   total 334848K, used 185337K [0x0000000080000000, 0x0000000100000000)
  region size 1024K, 11 young (11264K), 11 survivors (11264K)
 Metaspace       used 118585K, committed 121152K, reserved 557056K
  class space    used 16600K, committed 17856K, reserved 425984K
}
Event: 16.099 GC heap before
{Heap before GC invocations=47 (full 0):
 garbage-first heap   total 334848K, used 260089K [0x0000000080000000, 0x0000000100000000)
  region size 1024K, 85 young (87040K), 11 survivors (11264K)
 Metaspace       used 118636K, committed 121152K, reserved 557056K
  class space    used 16605K, committed 17856K, reserved 425984K
}
Event: 16.110 GC heap after
{Heap after GC invocations=48 (full 0):
 garbage-first heap   total 334848K, used 188400K [0x0000000080000000, 0x0000000100000000)
  region size 1024K, 5 young (5120K), 5 survivors (5120K)
 Metaspace       used 118636K, committed 121152K, reserved 557056K
  class space    used 16605K, committed 17856K, reserved 425984K
}
Event: 17.002 GC heap before
{Heap before GC invocations=48 (full 0):
 garbage-first heap   total 334848K, used 271344K [0x0000000080000000, 0x0000000100000000)
  region size 1024K, 83 young (84992K), 5 survivors (5120K)
 Metaspace       used 122538K, committed 125184K, reserved 557056K
  class space    used 17181K, committed 18496K, reserved 425984K
}
Event: 17.016 GC heap after
{Heap after GC invocations=49 (full 0):
 garbage-first heap   total 334848K, used 200454K [0x0000000080000000, 0x0000000100000000)
  region size 1024K, 11 young (11264K), 11 survivors (11264K)
 Metaspace       used 122538K, committed 125184K, reserved 557056K
  class space    used 17181K, committed 18496K, reserved 425984K
}
Event: 17.554 GC heap before
{Heap before GC invocations=49 (full 0):
 garbage-first heap   total 334848K, used 278278K [0x0000000080000000, 0x0000000100000000)
  region size 1024K, 87 young (89088K), 11 survivors (11264K)
 Metaspace       used 125370K, committed 128064K, reserved 557056K
  class space    used 17565K, committed 18880K, reserved 425984K
}
Event: 17.562 GC heap after
{Heap after GC invocations=50 (full 0):
 garbage-first heap   total 334848K, used 209404K [0x0000000080000000, 0x0000000100000000)
  region size 1024K, 8 young (8192K), 8 survivors (8192K)
 Metaspace       used 125370K, committed 128064K, reserved 557056K
  class space    used 17565K, committed 18880K, reserved 425984K
}
Event: 17.866 GC heap before
{Heap before GC invocations=50 (full 0):
 garbage-first heap   total 334848K, used 286204K [0x0000000080000000, 0x0000000100000000)
  region size 1024K, 84 young (86016K), 8 survivors (8192K)
 Metaspace       used 125473K, committed 128128K, reserved 557056K
  class space    used 17574K, committed 18880K, reserved 425984K
}
Event: 17.877 GC heap after
{Heap after GC invocations=51 (full 0):
 garbage-first heap   total 334848K, used 221853K [0x0000000080000000, 0x0000000100000000)
  region size 1024K, 11 young (11264K), 11 survivors (11264K)
 Metaspace       used 125473K, committed 128128K, reserved 557056K
  class space    used 17574K, committed 18880K, reserved 425984K
}

